2025-03-17 17:15:05 [main] INFO  BaseAPIClass - utility.RestLogger:15 - Request URI is:https://api.restful-api.dev/objects
2025-03-17 17:15:09 [main] INFO  BaseAPIClass - utility.RestLogger:15 - Request Payload is:{
   "name": "Apple MacBook Pro 16",
   "data": {
      "year": 2019,
      "price": 1849.99,
      "CPU model": "Intel Core i9",
      "Hard disk size": "1 TB"
   }
}
2025-03-17 17:16:08 [main] INFO  BaseAPIClass - utility.RestLogger:15 - Response is:{"id":"ff808181932badb60195a3ecdcb366a8","name":"Apple MacBook Pro 16","createdAt":"2025-03-17T11:46:04.083+00:00","data":{"year":2019,"price":1849.99,"CPU model":"Intel Core i9","Hard disk size":"1 TB"}}
2025-03-17 17:21:02 [main] INFO  GetAllBoardIDs - utility.RestLogger:15 - Starting Create Repo Test
2025-03-17 17:21:02 [main] INFO  BaseAPIClass - utility.RestLogger:15 - Request URI is:https://api.trello.com/1/cards
2025-03-17 17:21:03 [main] INFO  BaseAPIClass - utility.RestLogger:15 - Response is:Cannot GET /1/cards?token=ATTAdc21585107a36874daad1d6acbd065929594cf662bc3adc65aaff6767c051e01E0980518&key=0bdb13112e56f5b7c2234c406b3ba5a7
2025-03-17 17:21:03 [main] INFO  GetAllBoardIDs - utility.RestLogger:15 - Id:null
2025-03-17 17:21:03 [main] INFO  GetAllBoardIDs - utility.RestLogger:15 - name:null
2025-03-17 17:22:58 [main] INFO  BaseAPIClass - utility.RestLogger:15 - Request URI is:https://api.restful-api.dev/objects
2025-03-17 17:22:58 [main] INFO  BaseAPIClass - utility.RestLogger:15 - Request Payload is:{
   "name": "Apple MacBook Pro 16",
   "data": {
      "year": 2019,
      "price": 1849.99,
      "CPU model": "Intel Core i9",
      "Hard disk size": "1 TB"
   }
}
2025-03-17 17:23:00 [main] INFO  BaseAPIClass - utility.RestLogger:15 - Response is:{"id":"ff808181932badb60195a3f33f6166ac","name":"Apple MacBook Pro 16","createdAt":"2025-03-17T11:53:02.561+00:00","data":{"year":2019,"price":1849.99,"CPU model":"Intel Core i9","Hard disk size":"1 TB"}}
2025-03-17 17:38:02 [main] INFO  GetAllBoardIDs - utility.RestLogger:15 - Starting Create Repo Test
2025-03-17 17:38:31 [main] INFO  BaseAPIClass - utility.RestLogger:15 - Request URI is: https://api.trello.com/1/cards
2025-03-17 17:38:37 [main] INFO  BaseAPIClass - utility.RestLogger:15 - Request Payload is: 
2025-03-17 17:39:50 [main] INFO  BaseAPIClass - utility.RestLogger:15 - Response is: {"id":"67d81109ed3ea12fe3f54919","badges":{"attachments":0,"fogbugz":"","checkItems":0,"checkItemsChecked":0,"checkItemsEarliestDue":null,"comments":0,"description":true,"due":null,"dueComplete":false,"lastUpdatedByAi":false,"start":null,"externalSource":null,"attachmentsByType":{"trello":{"board":0,"card":0}},"location":false,"votes":0,"viewingMemberVoted":false,"subscribed":false},"checkItemStates":[],"closed":false,"dueComplete":false,"dateLastActivity":"2025-03-17T12:09:45.743Z","desc":"com.github.javafaker.service.RandomService@7bfe8454","descData":{"emoji":{}},"due":null,"dueReminder":null,"email":null,"idBoard":"67c03fbc0310dc1fb7910cf7","idChecklists":[],"idList":"67c03fbc0310dc1fb7910dd3","idMembers":[],"idMembersVoted":[],"idShort":34,"idAttachmentCover":null,"labels":[],"idLabels":[],"manualCoverAttachment":false,"name":"Esmeralda","nodeId":"ari:cloud:trello::card/workspace/678cbcbc50b626cf4db3a6bf/67d81109ed3ea12fe3f54919","pinned":false,"pos":49152,"shortLink":"Lypr7lW4","shortUrl":"https://trello.com/c/Lypr7lW4","start":null,"subscribed":false,"url":"https://trello.com/c/Lypr7lW4/34-esmeralda","cover":{"idAttachment":null,"color":null,"idUploadedBackground":null,"size":"normal","brightness":"dark","idPlugin":null},"isTemplate":false,"cardRole":null,"mirrorSourceId":null,"attachments":[],"stickers":[],"limits":{}}
2025-03-17 17:41:19 [main] INFO  BaseAPIClass - utility.RestLogger:15 - Request URI is:https://api.restful-api.dev/objects
2025-03-17 17:41:19 [main] INFO  BaseAPIClass - utility.RestLogger:15 - Request Payload is:{
   "name": "Apple MacBook Pro 16",
   "data": {
      "year": 2019,
      "price": 1849.99,
      "CPU model": "Intel Core i9",
      "Hard disk size": "1 TB"
   }
}
2025-03-17 17:41:20 [main] INFO  BaseAPIClass - utility.RestLogger:15 - Response is:{"id":"ff808181932badb60195a40407db66ce","name":"Apple MacBook Pro 16","createdAt":"2025-03-17T12:11:22.460+00:00","data":{"year":2019,"price":1849.99,"CPU model":"Intel Core i9","Hard disk size":"1 TB"}}
2025-03-17 17:42:41 [main] INFO  GetAllBoardIDs - utility.RestLogger:15 - Starting Create Repo Test
2025-03-17 17:42:41 [main] INFO  BaseAPIClass - utility.RestLogger:15 - Request URI is: https://api.trello.com/1/cards
2025-03-17 17:42:41 [main] INFO  BaseAPIClass - utility.RestLogger:15 - Request Payload is: 
2025-03-17 17:42:43 [main] INFO  BaseAPIClass - utility.RestLogger:15 - Response is: {"id":"67d811be12aaad66cb4bc015","badges":{"attachments":0,"fogbugz":"","checkItems":0,"checkItemsChecked":0,"checkItemsEarliestDue":null,"comments":0,"description":true,"due":null,"dueComplete":false,"lastUpdatedByAi":false,"start":null,"externalSource":null,"attachmentsByType":{"trello":{"board":0,"card":0}},"location":false,"votes":0,"viewingMemberVoted":false,"subscribed":false},"checkItemStates":[],"closed":false,"dueComplete":false,"dateLastActivity":"2025-03-17T12:12:46.065Z","desc":"Marlen","descData":{"emoji":{}},"due":null,"dueReminder":null,"email":null,"idBoard":"67c03fbc0310dc1fb7910cf7","idChecklists":[],"idList":"67c03fbc0310dc1fb7910dd3","idMembers":[],"idMembersVoted":[],"idShort":35,"idAttachmentCover":null,"labels":[],"idLabels":[],"manualCoverAttachment":false,"name":"Marlen","nodeId":"ari:cloud:trello::card/workspace/678cbcbc50b626cf4db3a6bf/67d811be12aaad66cb4bc015","pinned":false,"pos":65536,"shortLink":"LuPbgu16","shortUrl":"https://trello.com/c/LuPbgu16","start":null,"subscribed":false,"url":"https://trello.com/c/LuPbgu16/35-marlen","cover":{"idAttachment":null,"color":null,"idUploadedBackground":null,"size":"normal","brightness":"dark","idPlugin":null},"isTemplate":false,"cardRole":null,"mirrorSourceId":null,"attachments":[],"stickers":[],"limits":{}}
2025-03-17 17:42:43 [main] INFO  BaseAPIClass - utility.RestLogger:15 - Request URI is:https://api.restful-api.dev/objects
2025-03-17 17:42:43 [main] INFO  BaseAPIClass - utility.RestLogger:15 - Request Payload is:{
   "name": "Apple MacBook Pro 16",
   "data": {
      "year": 2019,
      "price": 1849.99,
      "CPU model": "Intel Core i9",
      "Hard disk size": "1 TB"
   }
}
2025-03-17 17:42:44 [main] INFO  BaseAPIClass - utility.RestLogger:15 - Response is:{"id":"ff808181932badb60195a405527d66d1","name":"Apple MacBook Pro 16","createdAt":"2025-03-17T12:12:47.101+00:00","data":{"year":2019,"price":1849.99,"CPU model":"Intel Core i9","Hard disk size":"1 TB"}}
2025-03-17 17:44:04 [main] INFO  GetAllBoardIDs - utility.RestLogger:15 - Starting Create Repo Test
2025-03-17 17:44:05 [main] INFO  BaseAPIClass - utility.RestLogger:15 - Request URI is: https://api.trello.com/1/cards
2025-03-17 17:44:05 [main] INFO  BaseAPIClass - utility.RestLogger:15 - Request Payload is: 
2025-03-17 17:44:07 [main] INFO  BaseAPIClass - utility.RestLogger:15 - Response is: {"id":"67d812115c444fe50e5b1271","badges":{"attachments":0,"fogbugz":"","checkItems":0,"checkItemsChecked":0,"checkItemsEarliestDue":null,"comments":0,"description":true,"due":null,"dueComplete":false,"lastUpdatedByAi":false,"start":null,"externalSource":null,"attachmentsByType":{"trello":{"board":0,"card":0}},"location":false,"votes":0,"viewingMemberVoted":false,"subscribed":false},"checkItemStates":[],"closed":false,"dueComplete":false,"dateLastActivity":"2025-03-17T12:14:09.314Z","desc":"Elissa","descData":{"emoji":{}},"due":null,"dueReminder":null,"email":null,"idBoard":"67c03fbc0310dc1fb7910cf7","idChecklists":[],"idList":"67c03fbc0310dc1fb7910dd5","idMembers":[],"idMembersVoted":[],"idShort":36,"idAttachmentCover":null,"labels":[],"idLabels":[],"manualCoverAttachment":false,"name":"Elissa","nodeId":"ari:cloud:trello::card/workspace/678cbcbc50b626cf4db3a6bf/67d812115c444fe50e5b1271","pinned":false,"pos":16384,"shortLink":"Po4Kg9FS","shortUrl":"https://trello.com/c/Po4Kg9FS","start":null,"subscribed":false,"url":"https://trello.com/c/Po4Kg9FS/36-elissa","cover":{"idAttachment":null,"color":null,"idUploadedBackground":null,"size":"normal","brightness":"dark","idPlugin":null},"isTemplate":false,"cardRole":null,"mirrorSourceId":null,"attachments":[],"stickers":[],"limits":{}}
2025-03-17 17:45:07 [main] INFO  GetAllBoardIDs - utility.RestLogger:15 - Starting Create Repo Test
2025-03-17 17:45:08 [main] INFO  BaseAPIClass - utility.RestLogger:15 - Request URI is: https://api.trello.com/1/cards
2025-03-17 17:45:08 [main] INFO  BaseAPIClass - utility.RestLogger:15 - Request Payload is: 
2025-03-17 17:45:10 [main] INFO  BaseAPIClass - utility.RestLogger:15 - Response is: {"id":"67d8125074683905a204ccd7","badges":{"attachments":0,"fogbugz":"","checkItems":0,"checkItemsChecked":0,"checkItemsEarliestDue":null,"comments":0,"description":true,"due":null,"dueComplete":false,"lastUpdatedByAi":false,"start":null,"externalSource":null,"attachmentsByType":{"trello":{"board":0,"card":0}},"location":false,"votes":0,"viewingMemberVoted":false,"subscribed":false},"checkItemStates":[],"closed":false,"dueComplete":false,"dateLastActivity":"2025-03-17T12:15:12.590Z","desc":"Apt. 479 1592 Gorczany Flats, West Joanny, IN 62818-8729","descData":{"emoji":{}},"due":null,"dueReminder":null,"email":null,"idBoard":"67c03fbc0310dc1fb7910cf7","idChecklists":[],"idList":"67c03fbc0310dc1fb7910dd5","idMembers":[],"idMembersVoted":[],"idShort":37,"idAttachmentCover":null,"labels":[],"idLabels":[],"manualCoverAttachment":false,"name":"Delphine","nodeId":"ari:cloud:trello::card/workspace/678cbcbc50b626cf4db3a6bf/67d8125074683905a204ccd7","pinned":false,"pos":32768,"shortLink":"lEbf1ULO","shortUrl":"https://trello.com/c/lEbf1ULO","start":null,"subscribed":false,"url":"https://trello.com/c/lEbf1ULO/37-delphine","cover":{"idAttachment":null,"color":null,"idUploadedBackground":null,"size":"normal","brightness":"dark","idPlugin":null},"isTemplate":false,"cardRole":null,"mirrorSourceId":null,"attachments":[],"stickers":[],"limits":{}}
2025-03-17 17:45:48 [main] INFO  GetAllBoardIDs - utility.RestLogger:15 - Starting Create Repo Test
2025-03-17 17:45:48 [main] INFO  BaseAPIClass - utility.RestLogger:15 - Request URI is: https://api.trello.com/1/cards
2025-03-17 17:45:48 [main] INFO  BaseAPIClass - utility.RestLogger:15 - Request Payload is: 
2025-03-17 17:45:50 [main] INFO  BaseAPIClass - utility.RestLogger:15 - Response is: {"id":"67d812789547b3935803ca58","badges":{"attachments":0,"fogbugz":"","checkItems":0,"checkItemsChecked":0,"checkItemsEarliestDue":null,"comments":0,"description":true,"due":null,"dueComplete":false,"lastUpdatedByAi":false,"start":null,"externalSource":null,"attachmentsByType":{"trello":{"board":0,"card":0}},"location":false,"votes":0,"viewingMemberVoted":false,"subscribed":false},"checkItemStates":[],"closed":false,"dueComplete":false,"dateLastActivity":"2025-03-17T12:15:52.888Z","desc":"Apt. 107 18025 Grady Orchard, Corkeryville, AK 47161-3868","descData":{"emoji":{}},"due":null,"dueReminder":null,"email":null,"idBoard":"67c03fbc0310dc1fb7910cf7","idChecklists":[],"idList":"67c03fbc0310dc1fb7910dd4","idMembers":[],"idMembersVoted":[],"idShort":38,"idAttachmentCover":null,"labels":[],"idLabels":[],"manualCoverAttachment":false,"name":"Dejuan","nodeId":"ari:cloud:trello::card/workspace/678cbcbc50b626cf4db3a6bf/67d812789547b3935803ca58","pinned":false,"pos":16384,"shortLink":"xGfwjOLd","shortUrl":"https://trello.com/c/xGfwjOLd","start":null,"subscribed":false,"url":"https://trello.com/c/xGfwjOLd/38-dejuan","cover":{"idAttachment":null,"color":null,"idUploadedBackground":null,"size":"normal","brightness":"dark","idPlugin":null},"isTemplate":false,"cardRole":null,"mirrorSourceId":null,"attachments":[],"stickers":[],"limits":{}}
2025-03-17 17:46:10 [main] INFO  GetAllBoardIDs - utility.RestLogger:15 - Starting Create Repo Test
2025-03-17 17:46:10 [main] INFO  BaseAPIClass - utility.RestLogger:15 - Request URI is: https://api.trello.com/1/cards
2025-03-17 17:46:10 [main] INFO  BaseAPIClass - utility.RestLogger:15 - Request Payload is: 
2025-03-17 17:46:12 [main] INFO  BaseAPIClass - utility.RestLogger:15 - Response is: {"id":"67d8128e52f0d2217a26b20d","badges":{"attachments":0,"fogbugz":"","checkItems":0,"checkItemsChecked":0,"checkItemsEarliestDue":null,"comments":0,"description":true,"due":null,"dueComplete":false,"lastUpdatedByAi":false,"start":null,"externalSource":null,"attachmentsByType":{"trello":{"board":0,"card":0}},"location":false,"votes":0,"viewingMemberVoted":false,"subscribed":false},"checkItemStates":[],"closed":false,"dueComplete":false,"dateLastActivity":"2025-03-17T12:16:14.808Z","desc":"Apt. 728 68098 Kunze Ford, Port Kaylaburgh, NM 14640-2441","descData":{"emoji":{}},"due":null,"dueReminder":null,"email":null,"idBoard":"67c03fbc0310dc1fb7910cf7","idChecklists":[],"idList":"67c03fbc0310dc1fb7910dd4","idMembers":[],"idMembersVoted":[],"idShort":39,"idAttachmentCover":null,"labels":[],"idLabels":[],"manualCoverAttachment":false,"name":"Alexane","nodeId":"ari:cloud:trello::card/workspace/678cbcbc50b626cf4db3a6bf/67d8128e52f0d2217a26b20d","pinned":false,"pos":32768,"shortLink":"WYCohXVx","shortUrl":"https://trello.com/c/WYCohXVx","start":null,"subscribed":false,"url":"https://trello.com/c/WYCohXVx/39-alexane","cover":{"idAttachment":null,"color":null,"idUploadedBackground":null,"size":"normal","brightness":"dark","idPlugin":null},"isTemplate":false,"cardRole":null,"mirrorSourceId":null,"attachments":[],"stickers":[],"limits":{}}
2025-03-17 18:01:21 [main] INFO  GetAllBoardIDs - utility.RestLogger:15 - Starting Create Repo Test
2025-03-17 18:01:21 [main] INFO  BaseAPIClass - utility.RestLogger:15 - Request URI is: https://api.trello.com/1/cards
2025-03-17 18:01:21 [main] INFO  BaseAPIClass - utility.RestLogger:15 - Request Payload is: 
2025-03-17 18:01:23 [main] INFO  BaseAPIClass - utility.RestLogger:15 - Response is: {"id":"67d8161eba02fd1e0fa83c6f","badges":{"attachments":0,"fogbugz":"","checkItems":0,"checkItemsChecked":0,"checkItemsEarliestDue":null,"comments":0,"description":true,"due":null,"dueComplete":false,"lastUpdatedByAi":false,"start":null,"externalSource":null,"attachmentsByType":{"trello":{"board":0,"card":0}},"location":false,"votes":0,"viewingMemberVoted":false,"subscribed":false},"checkItemStates":[],"closed":false,"dueComplete":false,"dateLastActivity":"2025-03-17T12:31:26.113Z","desc":"76534 Strosin Green, East Tevinville, IN 16615-6035","descData":{"emoji":{}},"due":null,"dueReminder":null,"email":null,"idBoard":"67c03fbc0310dc1fb7910cf7","idChecklists":[],"idList":"67c03fbc0310dc1fb7910dd4","idMembers":[],"idMembersVoted":[],"idShort":40,"idAttachmentCover":null,"labels":[],"idLabels":[],"manualCoverAttachment":false,"name":"Orval","nodeId":"ari:cloud:trello::card/workspace/678cbcbc50b626cf4db3a6bf/67d8161eba02fd1e0fa83c6f","pinned":false,"pos":49152,"shortLink":"JQN5xYnR","shortUrl":"https://trello.com/c/JQN5xYnR","start":null,"subscribed":false,"url":"https://trello.com/c/JQN5xYnR/40-orval","cover":{"idAttachment":null,"color":null,"idUploadedBackground":null,"size":"normal","brightness":"dark","idPlugin":null},"isTemplate":false,"cardRole":null,"mirrorSourceId":null,"attachments":[],"stickers":[],"limits":{}}
2025-03-17 18:01:24 [main] INFO  CommonUtilFunctions - utility.RestLogger:15 - Value:67d8161eba02fd1e0fa83c6f
2025-03-17 18:01:24 [main] INFO  GetAllBoardIDs - utility.RestLogger:15 - Id:67d8161eba02fd1e0fa83c6f
2025-03-17 18:01:24 [main] INFO  CommonUtilFunctions - utility.RestLogger:15 - Value:Orval
2025-03-17 18:01:24 [main] INFO  GetAllBoardIDs - utility.RestLogger:15 - name:Orval
2025-03-17 18:25:14 [main] INFO  CreateANewCard - utility.RestLogger:15 - Starting Create Repo Test
2025-03-17 18:25:14 [main] INFO  BaseAPIClass - utility.RestLogger:15 - Request URI is: https://api.trello.com/1/cards
2025-03-17 18:25:14 [main] INFO  BaseAPIClass - utility.RestLogger:15 - Request Payload is: 
2025-03-17 18:25:16 [main] INFO  BaseAPIClass - utility.RestLogger:15 - Response is: {"id":"67d81bb68a40f2b64f124790","badges":{"attachments":0,"fogbugz":"","checkItems":0,"checkItemsChecked":0,"checkItemsEarliestDue":null,"comments":0,"description":true,"due":null,"dueComplete":false,"lastUpdatedByAi":false,"start":null,"externalSource":null,"attachmentsByType":{"trello":{"board":0,"card":0}},"location":false,"votes":0,"viewingMemberVoted":false,"subscribed":false},"checkItemStates":[],"closed":false,"dueComplete":false,"dateLastActivity":"2025-03-17T12:55:19.016Z","desc":"Apt. 083 322 Nat Streets, Port Imaview, ND 30987","descData":{"emoji":{}},"due":null,"dueReminder":null,"email":null,"idBoard":"67c03fbc0310dc1fb7910cf7","idChecklists":[],"idList":"67c03fbc0310dc1fb7910dd4","idMembers":[],"idMembersVoted":[],"idShort":41,"idAttachmentCover":null,"labels":[],"idLabels":[],"manualCoverAttachment":false,"name":"Orrin","nodeId":"ari:cloud:trello::card/workspace/678cbcbc50b626cf4db3a6bf/67d81bb68a40f2b64f124790","pinned":false,"pos":49152,"shortLink":"c87iAwpB","shortUrl":"https://trello.com/c/c87iAwpB","start":null,"subscribed":false,"url":"https://trello.com/c/c87iAwpB/41-orrin","cover":{"idAttachment":null,"color":null,"idUploadedBackground":null,"size":"normal","brightness":"dark","idPlugin":null},"isTemplate":false,"cardRole":null,"mirrorSourceId":null,"attachments":[],"stickers":[],"limits":{}}
2025-03-17 18:25:17 [main] INFO  CommonUtilFunctions - utility.RestLogger:15 - Value:67d81bb68a40f2b64f124790
2025-03-17 18:25:17 [main] INFO  CreateANewCard - utility.RestLogger:15 - Id:67d81bb68a40f2b64f124790
2025-03-17 18:25:17 [main] INFO  CommonUtilFunctions - utility.RestLogger:15 - Value:Orrin
2025-03-17 18:25:17 [main] INFO  CreateANewCard - utility.RestLogger:15 - name:Orrin
2025-03-17 18:25:17 [main] INFO  CommonUtilFunctions - utility.RestLogger:15 - Value:67d81bb68a40f2b64f124790
2025-03-17 18:25:17 [main] INFO  CreateANewCard - utility.RestLogger:15 - Starting Create Repo Test
2025-03-17 18:25:17 [main] INFO  BaseAPIClass - utility.RestLogger:15 - Request URI is:https://api.trello.com/1/cards/{CardID}
2025-03-17 18:26:35 [main] INFO  CreateANewCard - utility.RestLogger:15 - Starting Create Repo Test
2025-03-17 18:26:35 [main] INFO  BaseAPIClass - utility.RestLogger:15 - Request URI is: https://api.trello.com/1/cards
2025-03-17 18:26:35 [main] INFO  BaseAPIClass - utility.RestLogger:15 - Request Payload is: 
2025-03-17 18:26:37 [main] INFO  BaseAPIClass - utility.RestLogger:15 - Response is: {"id":"67d81c076b24de6758ca2c15","badges":{"attachments":0,"fogbugz":"","checkItems":0,"checkItemsChecked":0,"checkItemsEarliestDue":null,"comments":0,"description":true,"due":null,"dueComplete":false,"lastUpdatedByAi":false,"start":null,"externalSource":null,"attachmentsByType":{"trello":{"board":0,"card":0}},"location":false,"votes":0,"viewingMemberVoted":false,"subscribed":false},"checkItemStates":[],"closed":false,"dueComplete":false,"dateLastActivity":"2025-03-17T12:56:39.581Z","desc":"Apt. 237 405 Padberg Trafficway, Tellyview, PA 91248","descData":{"emoji":{}},"due":null,"dueReminder":null,"email":null,"idBoard":"67c03fbc0310dc1fb7910cf7","idChecklists":[],"idList":"67c03fbc0310dc1fb7910dd4","idMembers":[],"idMembersVoted":[],"idShort":42,"idAttachmentCover":null,"labels":[],"idLabels":[],"manualCoverAttachment":false,"name":"Lelah","nodeId":"ari:cloud:trello::card/workspace/678cbcbc50b626cf4db3a6bf/67d81c076b24de6758ca2c15","pinned":false,"pos":65536,"shortLink":"pbhh1LIy","shortUrl":"https://trello.com/c/pbhh1LIy","start":null,"subscribed":false,"url":"https://trello.com/c/pbhh1LIy/42-lelah","cover":{"idAttachment":null,"color":null,"idUploadedBackground":null,"size":"normal","brightness":"dark","idPlugin":null},"isTemplate":false,"cardRole":null,"mirrorSourceId":null,"attachments":[],"stickers":[],"limits":{}}
2025-03-17 18:26:37 [main] INFO  CommonUtilFunctions - utility.RestLogger:15 - Value:67d81c076b24de6758ca2c15
2025-03-17 18:26:37 [main] INFO  CreateANewCard - utility.RestLogger:15 - Id:67d81c076b24de6758ca2c15
2025-03-17 18:26:37 [main] INFO  CommonUtilFunctions - utility.RestLogger:15 - Value:Lelah
2025-03-17 18:26:37 [main] INFO  CreateANewCard - utility.RestLogger:15 - name:Lelah
2025-03-17 18:26:37 [main] INFO  CommonUtilFunctions - utility.RestLogger:15 - Value:67d81c076b24de6758ca2c15
2025-03-17 18:26:37 [main] INFO  CreateANewCard - utility.RestLogger:15 - Starting Create Repo Test
2025-03-17 18:26:37 [main] INFO  BaseAPIClass - utility.RestLogger:15 - Request URI is:https://api.trello.com/1/cards/67d81c076b24de6758ca2c15
2025-03-17 18:26:39 [main] INFO  BaseAPIClass - utility.RestLogger:15 - Response Status code is:200
2025-03-17 18:57:30 [main] INFO  CreateAndDeleteCard - utility.RestLogger:15 - Starting Create Repo Test
2025-03-17 18:57:30 [main] INFO  BaseAPIClass - utility.RestLogger:15 - Request URI is: https://api.trello.com/1/cards
2025-03-17 18:57:30 [main] INFO  BaseAPIClass - utility.RestLogger:15 - Request Payload is: 
2025-03-17 18:57:33 [main] INFO  BaseAPIClass - utility.RestLogger:15 - Response is: {"id":"67d82347af879f02664a6c6e","badges":{"attachments":0,"fogbugz":"","checkItems":0,"checkItemsChecked":0,"checkItemsEarliestDue":null,"comments":0,"description":true,"due":null,"dueComplete":false,"lastUpdatedByAi":false,"start":null,"externalSource":null,"attachmentsByType":{"trello":{"board":0,"card":0}},"location":false,"votes":0,"viewingMemberVoted":false,"subscribed":false},"checkItemStates":[],"closed":false,"dueComplete":false,"dateLastActivity":"2025-03-17T13:27:35.811Z","desc":"875 Lacey Green, Lehnerberg, ID 86488","descData":{"emoji":{}},"due":null,"dueReminder":null,"email":null,"idBoard":"67c03fbc0310dc1fb7910cf7","idChecklists":[],"idList":"67c03fbc0310dc1fb7910dd4","idMembers":[],"idMembersVoted":[],"idShort":43,"idAttachmentCover":null,"labels":[],"idLabels":[],"manualCoverAttachment":false,"name":"Levi","nodeId":"ari:cloud:trello::card/workspace/678cbcbc50b626cf4db3a6bf/67d82347af879f02664a6c6e","pinned":false,"pos":49152,"shortLink":"yIP9HyLI","shortUrl":"https://trello.com/c/yIP9HyLI","start":null,"subscribed":false,"url":"https://trello.com/c/yIP9HyLI/43-levi","cover":{"idAttachment":null,"color":null,"idUploadedBackground":null,"size":"normal","brightness":"dark","idPlugin":null},"isTemplate":false,"cardRole":null,"mirrorSourceId":null,"attachments":[],"stickers":[],"limits":{}}
2025-03-17 18:57:34 [main] INFO  CommonUtilFunctions - utility.RestLogger:15 - Value:67d82347af879f02664a6c6e
2025-03-17 18:57:34 [main] INFO  CreateAndDeleteCard - utility.RestLogger:15 - Id:67d82347af879f02664a6c6e
2025-03-17 18:57:34 [main] INFO  CommonUtilFunctions - utility.RestLogger:15 - Value:Levi
2025-03-17 18:57:34 [main] INFO  CreateAndDeleteCard - utility.RestLogger:15 - name:Levi
2025-03-17 18:57:34 [main] INFO  CommonUtilFunctions - utility.RestLogger:15 - Value:67d82347af879f02664a6c6e
2025-03-17 18:57:34 [main] INFO  CreateAndDeleteCard - utility.RestLogger:15 - Starting Create Repo Test
2025-03-17 18:57:34 [main] INFO  BaseAPIClass - utility.RestLogger:15 - Request URI is:https://api.trello.com/1/cards/67d82347af879f02664a6c6e
2025-03-17 18:57:35 [main] INFO  BaseAPIClass - utility.RestLogger:15 - Response Status code is:200
